d:\documentsz\facultate\anul iv\translator design\cminusminus\consoleapp\debug\vc142.pdb
d:\documentsz\facultate\anul iv\translator design\cminusminus\consoleapp\debug\vc142.idb
d:\documentsz\facultate\anul iv\translator design\cminusminus\consoleapp\debug\lex.yy.obj
d:\documentsz\facultate\anul iv\translator design\cminusminus\consoleapp\debug\consoleapp.obj
d:\documentsz\facultate\anul iv\translator design\cminusminus\consoleapp\debug\c.tab.obj
d:\documentsz\facultate\anul iv\translator design\cminusminus\debug\consoleapp.exe
d:\documentsz\facultate\anul iv\translator design\cminusminus\debug\consoleapp.ilk
d:\documentsz\facultate\anul iv\translator design\cminusminus\debug\consoleapp.pdb
d:\documentsz\facultate\anul iv\translator design\cminusminus\consoleapp\debug\consoleapp.tlog\cl.command.1.tlog
d:\documentsz\facultate\anul iv\translator design\cminusminus\consoleapp\debug\consoleapp.tlog\cl.read.1.tlog
d:\documentsz\facultate\anul iv\translator design\cminusminus\consoleapp\debug\consoleapp.tlog\cl.write.1.tlog
d:\documentsz\facultate\anul iv\translator design\cminusminus\consoleapp\debug\consoleapp.tlog\link-cvtres.read.1.tlog
d:\documentsz\facultate\anul iv\translator design\cminusminus\consoleapp\debug\consoleapp.tlog\link-cvtres.write.1.tlog
d:\documentsz\facultate\anul iv\translator design\cminusminus\consoleapp\debug\consoleapp.tlog\link-rc.read.1.tlog
d:\documentsz\facultate\anul iv\translator design\cminusminus\consoleapp\debug\consoleapp.tlog\link-rc.write.1.tlog
d:\documentsz\facultate\anul iv\translator design\cminusminus\consoleapp\debug\consoleapp.tlog\link.13920-cvtres.read.1.tlog
d:\documentsz\facultate\anul iv\translator design\cminusminus\consoleapp\debug\consoleapp.tlog\link.13920-cvtres.write.1.tlog
d:\documentsz\facultate\anul iv\translator design\cminusminus\consoleapp\debug\consoleapp.tlog\link.13920-rc.read.1.tlog
d:\documentsz\facultate\anul iv\translator design\cminusminus\consoleapp\debug\consoleapp.tlog\link.13920-rc.write.1.tlog
d:\documentsz\facultate\anul iv\translator design\cminusminus\consoleapp\debug\consoleapp.tlog\link.13920.read.1.tlog
d:\documentsz\facultate\anul iv\translator design\cminusminus\consoleapp\debug\consoleapp.tlog\link.13920.write.1.tlog
d:\documentsz\facultate\anul iv\translator design\cminusminus\consoleapp\debug\consoleapp.tlog\link.command.1.tlog
d:\documentsz\facultate\anul iv\translator design\cminusminus\consoleapp\debug\consoleapp.tlog\link.read.1.tlog
d:\documentsz\facultate\anul iv\translator design\cminusminus\consoleapp\debug\consoleapp.tlog\link.write.1.tlog
